<?xml version="1.0" encoding="UTF-8"?>
<!-- Generated by org.testng.reporters.JUnitReportReporter -->
<testsuite hostname="cws-desktop" name="com.demoqa.testclass.Tooltip_Test" tests="2" failures="0" timestamp="15 Feb 2017 07:48:14 GMT" time="22.903" errors="0">
  <testcase name="tooltip_text" time="15.260" classname="com.demoqa.testclass.Tooltip_Test"/>
  <testcase name="page_redirection" time="7.643" classname="com.demoqa.testclass.Tooltip_Test"/>
</testsuite> <!-- com.demoqa.testclass.Tooltip_Test -->
