<?xml version="1.0" encoding="UTF-8"?>
<!-- Generated by org.testng.reporters.JUnitReportReporter -->
<testsuite hostname="cws-desktop" name="com.demoqa.util.Excel_Read" tests="1" failures="0" timestamp="20 Feb 2017 07:37:17 GMT" time="1.985" errors="0">
  <testcase name="filevalue" time="1.985" classname="com.demoqa.util.Excel_Read"/>
</testsuite> <!-- com.demoqa.util.Excel_Read -->
